<?xml version="1.0" encoding="UTF-8"?>
<!-- Generated by org.testng.reporters.JUnitXMLReporter -->
<testsuite ignored="2" hostname="VWVITHLGGN111" failures="0" tests="1" name="Default test" time="2.244" errors="0" timestamp="2022-11-25T12:49:20 IST">
  <testcase classname="basic.EmployeeAPI" name="deleteEmployee" time="2.207"/>
  <testcase classname="basic.EmployeeAPI" name="updateEmployee" time="0.0">
    <ignored/>
  </testcase> <!-- updateEmployee -->
  <testcase classname="basic.EmployeeAPI" name="createEmployee" time="0.0">
    <ignored/>
  </testcase> <!-- createEmployee -->
</testsuite> <!-- Default test -->
