<?xml version="1.0" encoding="UTF-8"?>
<testng-results ignored="0" total="1" passed="1" failed="0" skipped="0">
  <reporter-output>
  </reporter-output>
  <suite started-at="2022-11-25T00:12:24 IST" name="Default suite" finished-at="2022-11-25T00:13:27 IST" duration-ms="62732">
    <groups>
    </groups>
    <test started-at="2022-11-25T00:12:24 IST" name="Default test" finished-at="2022-11-25T00:13:27 IST" duration-ms="62732">
      <class name="org.basic.DemoRelativeLocator">
        <test-method signature="filterProduct()[pri:0, instance:org.basic.DemoRelativeLocator@fa49800]" started-at="2022-11-25T00:12:24 IST" name="filterProduct" finished-at="2022-11-25T00:13:27 IST" duration-ms="62681" status="PASS">
          <reporter-output>
          </reporter-output>
        </test-method> <!-- filterProduct -->
      </class> <!-- org.basic.DemoRelativeLocator -->
    </test> <!-- Default test -->
  </suite> <!-- Default suite -->
</testng-results>
