<?xml version="1.0" encoding="UTF-8"?>
<testng-results ignored="0" total="1" passed="1" failed="0" skipped="0">
  <reporter-output>
  </reporter-output>
  <suite started-at="2022-11-21T15:53:04 IST" name="Surefire suite" finished-at="2022-11-21T15:53:04 IST" duration-ms="21">
    <groups>
    </groups>
    <test started-at="2022-11-21T15:53:04 IST" name="Surefire test" finished-at="2022-11-21T15:53:04 IST" duration-ms="21">
      <class name="org.preetam.DemoSelenium.AppTest">
        <test-method signature="testApp()[pri:0, instance:testApp(org.preetam.DemoSelenium.AppTest)]" started-at="2022-11-21T15:53:04 IST" name="testApp" finished-at="2022-11-21T15:53:04 IST" duration-ms="2" status="PASS">
          <reporter-output>
          </reporter-output>
        </test-method> <!-- testApp -->
      </class> <!-- org.preetam.DemoSelenium.AppTest -->
    </test> <!-- Surefire test -->
  </suite> <!-- Surefire suite -->
</testng-results>
