<?xml version="1.0" encoding="UTF-8"?>
<testng-results ignored="2" total="3" passed="1" failed="0" skipped="0">
  <reporter-output>
  </reporter-output>
  <suite started-at="2022-11-25T12:49:18 IST" name="Default suite" finished-at="2022-11-25T12:49:20 IST" duration-ms="2244">
    <groups>
    </groups>
    <test started-at="2022-11-25T12:49:18 IST" name="Default test" finished-at="2022-11-25T12:49:20 IST" duration-ms="2244">
      <class name="basic.EmployeeAPI">
        <test-method signature="deleteEmployee()[pri:0, instance:basic.EmployeeAPI@d5b810e]" started-at="2022-11-25T12:49:18 IST" name="deleteEmployee" finished-at="2022-11-25T12:49:20 IST" duration-ms="2207" status="PASS">
          <reporter-output>
          </reporter-output>
        </test-method> <!-- deleteEmployee -->
      </class> <!-- basic.EmployeeAPI -->
    </test> <!-- Default test -->
  </suite> <!-- Default suite -->
</testng-results>
